This file contains any messages produced by compilers while
running configure, to aid debugging if configure makes a mistake.

It was created by configure, which was
generated by GNU Autoconf 2.69.  Invocation command line was

  $ ./configure 

## --------- ##
## Platform. ##
## --------- ##

hostname = xyz-HP-Compaq-6200-Pro-MT-PC
uname -m = x86_64
uname -r = 4.4.0-112-generic
uname -s = Linux
uname -v = #135-Ubuntu SMP Fri Jan 19 11:48:36 UTC 2018

/usr/bin/uname -p = unknown
/bin/uname -X     = unknown

/bin/arch              = unknown
/usr/bin/arch -k       = unknown
/usr/convex/getsysinfo = unknown
/usr/bin/hostinfo      = unknown
/bin/machine           = unknown
/usr/bin/oslevel       = unknown
/bin/universe          = unknown

PATH: /home/xyz/bin
PATH: /home/xyz/.local/bin
PATH: /usr/local/sbin
PATH: /usr/local/bin
PATH: /usr/sbin
PATH: /usr/bin
PATH: /sbin
PATH: /bin
PATH: /usr/games
PATH: /usr/local/games
PATH: /snap/bin
PATH: /home/xyz/Downloads/sonar-scanner-3.0.3.778-linux/bin
PATH: /home/xyz/Downloads/build-wrapper-linux-x86


## ----------- ##
## Core tests. ##
## ----------- ##

configure:2277: checking build system type
configure:2291: result: x86_64-pc-linux-gnu
configure:2311: checking host system type
configure:2324: result: x86_64-pc-linux-gnu
configure:2365: checking how to print strings
configure:2392: result: printf
configure:2461: checking for gcc
configure:2477: found /usr/bin/gcc
configure:2488: result: gcc
configure:2717: checking for C compiler version
configure:2726: gcc --version >&5
gcc (Ubuntu 5.4.0-6ubuntu1~16.04.5) 5.4.0 20160609
Copyright (C) 2015 Free Software Foundation, Inc.
This is free software; see the source for copying conditions.  There is NO
warranty; not even for MERCHANTABILITY or FITNESS FOR A PARTICULAR PURPOSE.

configure:2737: $? = 0
configure:2726: gcc -v >&5
Using built-in specs.
COLLECT_GCC=gcc
COLLECT_LTO_WRAPPER=/usr/lib/gcc/x86_64-linux-gnu/5/lto-wrapper
Target: x86_64-linux-gnu
Configured with: ../src/configure -v --with-pkgversion='Ubuntu 5.4.0-6ubuntu1~16.04.5' --with-bugurl=file:///usr/share/doc/gcc-5/README.Bugs --enable-languages=c,ada,c++,java,go,d,fortran,objc,obj-c++ --prefix=/usr --program-suffix=-5 --enable-shared --enable-linker-build-id --libexecdir=/usr/lib --without-included-gettext --enable-threads=posix --libdir=/usr/lib --enable-nls --with-sysroot=/ --enable-clocale=gnu --enable-libstdcxx-debug --enable-libstdcxx-time=yes --with-default-libstdcxx-abi=new --enable-gnu-unique-object --disable-vtable-verify --enable-libmpx --enable-plugin --with-system-zlib --disable-browser-plugin --enable-java-awt=gtk --enable-gtk-cairo --with-java-home=/usr/lib/jvm/java-1.5.0-gcj-5-amd64/jre --enable-java-home --with-jvm-root-dir=/usr/lib/jvm/java-1.5.0-gcj-5-amd64 --with-jvm-jar-dir=/usr/lib/jvm-exports/java-1.5.0-gcj-5-amd64 --with-arch-directory=amd64 --with-ecj-jar=/usr/share/java/eclipse-ecj.jar --enable-objc-gc --enable-multiarch --disable-werror --with-arch-32=i686 --with-abi=m64 --with-multilib-list=m32,m64,mx32 --enable-multilib --with-tune=generic --enable-checking=release --build=x86_64-linux-gnu --host=x86_64-linux-gnu --target=x86_64-linux-gnu
Thread model: posix
gcc version 5.4.0 20160609 (Ubuntu 5.4.0-6ubuntu1~16.04.5) 
configure:2737: $? = 0
configure:2726: gcc -V >&5
gcc: error: unrecognized command line option '-V'
gcc: fatal error: no input files
compilation terminated.
configure:2737: $? = 1
configure:2726: gcc -qversion >&5
gcc: error: unrecognized command line option '-qversion'
gcc: fatal error: no input files
compilation terminated.
configure:2737: $? = 1
configure:2757: checking whether the C compiler works
configure:2779: gcc    conftest.c  >&5
configure:2783: $? = 0
configure:2831: result: yes
configure:2834: checking for C compiler default output file name
configure:2836: result: a.out
configure:2842: checking for suffix of executables
configure:2849: gcc -o conftest    conftest.c  >&5
configure:2853: $? = 0
configure:2875: result: 
configure:2897: checking whether we are cross compiling
configure:2905: gcc -o conftest    conftest.c  >&5
configure:2909: $? = 0
configure:2916: ./conftest
configure:2920: $? = 0
configure:2935: result: no
configure:2940: checking for suffix of object files
configure:2962: gcc -c   conftest.c >&5
configure:2966: $? = 0
configure:2987: result: o
configure:2991: checking whether we are using the GNU C compiler
configure:3010: gcc -c   conftest.c >&5
configure:3010: $? = 0
configure:3019: result: yes
configure:3028: checking whether gcc accepts -g
configure:3048: gcc -c -g  conftest.c >&5
configure:3048: $? = 0
configure:3089: result: yes
configure:3106: checking for gcc option to accept ISO C89
configure:3169: gcc  -c -g -O2  conftest.c >&5
configure:3169: $? = 0
configure:3182: result: none needed
configure:3202: checking for a sed that does not truncate output
configure:3266: result: /bin/sed
configure:3284: checking for grep that handles long lines and -e
configure:3342: result: /bin/grep
configure:3347: checking for egrep
configure:3409: result: /bin/grep -E
configure:3414: checking for fgrep
configure:3476: result: /bin/grep -F
configure:3511: checking for ld used by gcc
configure:3578: result: /usr/bin/ld
configure:3585: checking if the linker (/usr/bin/ld) is GNU ld
configure:3600: result: yes
configure:3612: checking for BSD- or MS-compatible name lister (nm)
configure:3666: result: /usr/bin/nm -B
configure:3796: checking the name lister (/usr/bin/nm -B) interface
configure:3803: gcc -c -g -O2  conftest.c >&5
configure:3806: /usr/bin/nm -B "conftest.o"
configure:3809: output
0000000000000000 B some_variable
configure:3816: result: BSD nm
configure:3819: checking whether ln -s works
configure:3823: result: yes
configure:3831: checking the maximum length of command line arguments
configure:3962: result: 1572864
configure:4010: checking how to convert x86_64-pc-linux-gnu file names to x86_64-pc-linux-gnu format
configure:4050: result: func_convert_file_noop
configure:4057: checking how to convert x86_64-pc-linux-gnu file names to toolchain format
configure:4077: result: func_convert_file_noop
configure:4084: checking for /usr/bin/ld option to reload object files
configure:4091: result: -r
configure:4165: checking for objdump
configure:4181: found /usr/bin/objdump
configure:4192: result: objdump
configure:4224: checking how to recognize dependent libraries
configure:4424: result: pass_all
configure:4509: checking for dlltool
configure:4539: result: no
configure:4569: checking how to associate runtime and link libraries
configure:4596: result: printf %s\n
configure:4657: checking for ar
configure:4673: found /usr/bin/ar
configure:4684: result: ar
configure:4721: checking for archiver @FILE support
configure:4738: gcc -c -g -O2  conftest.c >&5
configure:4738: $? = 0
configure:4741: ar cru libconftest.a @conftest.lst >&5
ar: `u' modifier ignored since `D' is the default (see `U')
configure:4744: $? = 0
configure:4749: ar cru libconftest.a @conftest.lst >&5
ar: `u' modifier ignored since `D' is the default (see `U')
ar: conftest.o: No such file or directory
configure:4752: $? = 1
configure:4764: result: @
configure:4822: checking for strip
configure:4838: found /usr/bin/strip
configure:4849: result: strip
configure:4921: checking for ranlib
configure:4937: found /usr/bin/ranlib
configure:4948: result: ranlib
configure:5025: checking for gawk
configure:5055: result: no
configure:5025: checking for mawk
configure:5041: found /usr/bin/mawk
configure:5052: result: mawk
configure:5092: checking command to parse /usr/bin/nm -B output from gcc object
configure:5245: gcc -c -g -O2  conftest.c >&5
configure:5248: $? = 0
configure:5252: /usr/bin/nm -B conftest.o \| sed -n -e 's/^.*[ ]\([ABCDGIRSTW][ABCDGIRSTW]*\)[ ][ ]*\([_A-Za-z][_A-Za-z0-9]*\)$/\1 \2 \2/p' | sed '/ __gnu_lto/d' \> conftest.nm
configure:5255: $? = 0
configure:5321: gcc -o conftest -g -O2   conftest.c conftstm.o >&5
configure:5324: $? = 0
configure:5362: result: ok
configure:5409: checking for sysroot
configure:5439: result: no
configure:5446: checking for a working dd
configure:5484: result: /bin/dd
configure:5488: checking how to truncate binary pipes
configure:5503: result: /bin/dd bs=4096 count=1
configure:5639: gcc -c -g -O2  conftest.c >&5
configure:5642: $? = 0
configure:5832: checking for mt
configure:5848: found /bin/mt
configure:5859: result: mt
configure:5882: checking if mt is a manifest tool
configure:5888: mt '-?'
configure:5896: result: no
configure:6573: checking how to run the C preprocessor
configure:6604: gcc -E  conftest.c
configure:6604: $? = 0
configure:6618: gcc -E  conftest.c
conftest.c:9:28: fatal error: ac_nonexistent.h: No such file or directory
compilation terminated.
configure:6618: $? = 1
configure: failed program was:
| /* confdefs.h */
| #define PACKAGE_NAME ""
| #define PACKAGE_TARNAME ""
| #define PACKAGE_VERSION ""
| #define PACKAGE_STRING ""
| #define PACKAGE_BUGREPORT ""
| #define PACKAGE_URL ""
| /* end confdefs.h.  */
| #include <ac_nonexistent.h>
configure:6643: result: gcc -E
configure:6663: gcc -E  conftest.c
configure:6663: $? = 0
configure:6677: gcc -E  conftest.c
conftest.c:9:28: fatal error: ac_nonexistent.h: No such file or directory
compilation terminated.
configure:6677: $? = 1
configure: failed program was:
| /* confdefs.h */
| #define PACKAGE_NAME ""
| #define PACKAGE_TARNAME ""
| #define PACKAGE_VERSION ""
| #define PACKAGE_STRING ""
| #define PACKAGE_BUGREPORT ""
| #define PACKAGE_URL ""
| /* end confdefs.h.  */
| #include <ac_nonexistent.h>
configure:6706: checking for ANSI C header files
configure:6726: gcc -c -g -O2  conftest.c >&5
configure:6726: $? = 0
configure:6799: gcc -o conftest -g -O2   conftest.c  >&5
configure:6799: $? = 0
configure:6799: ./conftest
configure:6799: $? = 0
configure:6810: result: yes
configure:6823: checking for sys/types.h
configure:6823: gcc -c -g -O2  conftest.c >&5
configure:6823: $? = 0
configure:6823: result: yes
configure:6823: checking for sys/stat.h
configure:6823: gcc -c -g -O2  conftest.c >&5
configure:6823: $? = 0
configure:6823: result: yes
configure:6823: checking for stdlib.h
configure:6823: gcc -c -g -O2  conftest.c >&5
configure:6823: $? = 0
configure:6823: result: yes
configure:6823: checking for string.h
configure:6823: gcc -c -g -O2  conftest.c >&5
configure:6823: $? = 0
configure:6823: result: yes
configure:6823: checking for memory.h
configure:6823: gcc -c -g -O2  conftest.c >&5
configure:6823: $? = 0
configure:6823: result: yes
configure:6823: checking for strings.h
configure:6823: gcc -c -g -O2  conftest.c >&5
configure:6823: $? = 0
configure:6823: result: yes
configure:6823: checking for inttypes.h
configure:6823: gcc -c -g -O2  conftest.c >&5
configure:6823: $? = 0
configure:6823: result: yes
configure:6823: checking for stdint.h
configure:6823: gcc -c -g -O2  conftest.c >&5
configure:6823: $? = 0
configure:6823: result: yes
configure:6823: checking for unistd.h
configure:6823: gcc -c -g -O2  conftest.c >&5
configure:6823: $? = 0
configure:6823: result: yes
configure:6837: checking for dlfcn.h
configure:6837: gcc -c -g -O2  conftest.c >&5
configure:6837: $? = 0
configure:6837: result: yes
configure:7093: checking for objdir
configure:7108: result: .libs
configure:7372: checking if gcc supports -fno-rtti -fno-exceptions
configure:7390: gcc -c -g -O2  -fno-rtti -fno-exceptions conftest.c >&5
cc1: warning: command line option '-fno-rtti' is valid for C++/ObjC++ but not for C
configure:7394: $? = 0
configure:7407: result: no
configure:7765: checking for gcc option to produce PIC
configure:7772: result: -fPIC -DPIC
configure:7780: checking if gcc PIC flag -fPIC -DPIC works
configure:7798: gcc -c -g -O2  -fPIC -DPIC -DPIC conftest.c >&5
configure:7802: $? = 0
configure:7815: result: yes
configure:7844: checking if gcc static flag -static works
configure:7872: result: yes
configure:7887: checking if gcc supports -c -o file.o
configure:7908: gcc -c -g -O2  -o out/conftest2.o conftest.c >&5
configure:7912: $? = 0
configure:7934: result: yes
configure:7942: checking if gcc supports -c -o file.o
configure:7989: result: yes
configure:8022: checking whether the gcc linker (/usr/bin/ld -m elf_x86_64) supports shared libraries
configure:9285: result: yes
configure:9322: checking whether -lc should be explicitly linked in
configure:9330: gcc -c -g -O2  conftest.c >&5
configure:9333: $? = 0
configure:9348: gcc -shared  -fPIC -DPIC conftest.o  -v -Wl,-soname -Wl,conftest -o conftest 2\>\&1 \| /bin/grep  -lc  \>/dev/null 2\>\&1
configure:9351: $? = 0
configure:9365: result: no
configure:9525: checking dynamic linker characteristics
configure:10106: gcc -o conftest -g -O2   -Wl,-rpath -Wl,/foo conftest.c  >&5
configure:10106: $? = 0
configure:10355: result: GNU/Linux ld.so
configure:10477: checking how to hardcode library paths into programs
configure:10502: result: immediate
configure:11050: checking whether stripping libraries is possible
configure:11055: result: yes
configure:11090: checking if libtool supports shared libraries
configure:11092: result: yes
configure:11095: checking whether to build shared libraries
configure:11120: result: yes
configure:11123: checking whether to build static libraries
configure:11127: result: yes
configure:11243: checking for gcc
configure:11270: result: gcc
configure:11499: checking for C compiler version
configure:11508: gcc --version >&5
gcc (Ubuntu 5.4.0-6ubuntu1~16.04.5) 5.4.0 20160609
Copyright (C) 2015 Free Software Foundation, Inc.
This is free software; see the source for copying conditions.  There is NO
warranty; not even for MERCHANTABILITY or FITNESS FOR A PARTICULAR PURPOSE.

configure:11519: $? = 0
configure:11508: gcc -v >&5
Using built-in specs.
COLLECT_GCC=gcc
COLLECT_LTO_WRAPPER=/usr/lib/gcc/x86_64-linux-gnu/5/lto-wrapper
Target: x86_64-linux-gnu
Configured with: ../src/configure -v --with-pkgversion='Ubuntu 5.4.0-6ubuntu1~16.04.5' --with-bugurl=file:///usr/share/doc/gcc-5/README.Bugs --enable-languages=c,ada,c++,java,go,d,fortran,objc,obj-c++ --prefix=/usr --program-suffix=-5 --enable-shared --enable-linker-build-id --libexecdir=/usr/lib --without-included-gettext --enable-threads=posix --libdir=/usr/lib --enable-nls --with-sysroot=/ --enable-clocale=gnu --enable-libstdcxx-debug --enable-libstdcxx-time=yes --with-default-libstdcxx-abi=new --enable-gnu-unique-object --disable-vtable-verify --enable-libmpx --enable-plugin --with-system-zlib --disable-browser-plugin --enable-java-awt=gtk --enable-gtk-cairo --with-java-home=/usr/lib/jvm/java-1.5.0-gcj-5-amd64/jre --enable-java-home --with-jvm-root-dir=/usr/lib/jvm/java-1.5.0-gcj-5-amd64 --with-jvm-jar-dir=/usr/lib/jvm-exports/java-1.5.0-gcj-5-amd64 --with-arch-directory=amd64 --with-ecj-jar=/usr/share/java/eclipse-ecj.jar --enable-objc-gc --enable-multiarch --disable-werror --with-arch-32=i686 --with-abi=m64 --with-multilib-list=m32,m64,mx32 --enable-multilib --with-tune=generic --enable-checking=release --build=x86_64-linux-gnu --host=x86_64-linux-gnu --target=x86_64-linux-gnu
Thread model: posix
gcc version 5.4.0 20160609 (Ubuntu 5.4.0-6ubuntu1~16.04.5) 
configure:11519: $? = 0
configure:11508: gcc -V >&5
gcc: error: unrecognized command line option '-V'
gcc: fatal error: no input files
compilation terminated.
configure:11519: $? = 1
configure:11508: gcc -qversion >&5
gcc: error: unrecognized command line option '-qversion'
gcc: fatal error: no input files
compilation terminated.
configure:11519: $? = 1
configure:11523: checking whether we are using the GNU C compiler
configure:11551: result: yes
configure:11560: checking whether gcc accepts -g
configure:11621: result: yes
configure:11638: checking for gcc option to accept ISO C89
configure:11714: result: none needed
configure:11816: checking for gcc
configure:11843: result: gcc
configure:12072: checking for C compiler version
configure:12081: gcc --version >&5
gcc (Ubuntu 5.4.0-6ubuntu1~16.04.5) 5.4.0 20160609
Copyright (C) 2015 Free Software Foundation, Inc.
This is free software; see the source for copying conditions.  There is NO
warranty; not even for MERCHANTABILITY or FITNESS FOR A PARTICULAR PURPOSE.

configure:12092: $? = 0
configure:12081: gcc -v >&5
Using built-in specs.
COLLECT_GCC=gcc
COLLECT_LTO_WRAPPER=/usr/lib/gcc/x86_64-linux-gnu/5/lto-wrapper
Target: x86_64-linux-gnu
Configured with: ../src/configure -v --with-pkgversion='Ubuntu 5.4.0-6ubuntu1~16.04.5' --with-bugurl=file:///usr/share/doc/gcc-5/README.Bugs --enable-languages=c,ada,c++,java,go,d,fortran,objc,obj-c++ --prefix=/usr --program-suffix=-5 --enable-shared --enable-linker-build-id --libexecdir=/usr/lib --without-included-gettext --enable-threads=posix --libdir=/usr/lib --enable-nls --with-sysroot=/ --enable-clocale=gnu --enable-libstdcxx-debug --enable-libstdcxx-time=yes --with-default-libstdcxx-abi=new --enable-gnu-unique-object --disable-vtable-verify --enable-libmpx --enable-plugin --with-system-zlib --disable-browser-plugin --enable-java-awt=gtk --enable-gtk-cairo --with-java-home=/usr/lib/jvm/java-1.5.0-gcj-5-amd64/jre --enable-java-home --with-jvm-root-dir=/usr/lib/jvm/java-1.5.0-gcj-5-amd64 --with-jvm-jar-dir=/usr/lib/jvm-exports/java-1.5.0-gcj-5-amd64 --with-arch-directory=amd64 --with-ecj-jar=/usr/share/java/eclipse-ecj.jar --enable-objc-gc --enable-multiarch --disable-werror --with-arch-32=i686 --with-abi=m64 --with-multilib-list=m32,m64,mx32 --enable-multilib --with-tune=generic --enable-checking=release --build=x86_64-linux-gnu --host=x86_64-linux-gnu --target=x86_64-linux-gnu
Thread model: posix
gcc version 5.4.0 20160609 (Ubuntu 5.4.0-6ubuntu1~16.04.5) 
configure:12092: $? = 0
configure:12081: gcc -V >&5
gcc: error: unrecognized command line option '-V'
gcc: fatal error: no input files
compilation terminated.
configure:12092: $? = 1
configure:12081: gcc -qversion >&5
gcc: error: unrecognized command line option '-qversion'
gcc: fatal error: no input files
compilation terminated.
configure:12092: $? = 1
configure:12096: checking whether we are using the GNU C compiler
configure:12124: result: yes
configure:12133: checking whether gcc accepts -g
configure:12194: result: yes
configure:12211: checking for gcc option to accept ISO C89
configure:12287: result: none needed
configure:12323: checking for gmake
configure:12356: result: no
configure:12323: checking for make
configure:12341: found /usr/bin/make
configure:12353: result: /usr/bin/make
configure:12376: checking for tar
configure:12394: found /bin/tar
configure:12406: result: /bin/tar
configure:12419: checking for gzip
configure:12437: found /bin/gzip
configure:12449: result: /bin/gzip
configure:12462: checking for makedepend
configure:12493: result: /bin/true
configure:12506: checking for awk
configure:12524: found /usr/bin/awk
configure:12536: result: /usr/bin/awk
configure:12549: checking for sed
configure:12579: result: /bin/sed
configure:12592: checking for echo
configure:12610: found /bin/echo
configure:12622: result: /bin/echo
configure:12635: checking for sort
configure:12653: found /usr/bin/sort
configure:12665: result: /usr/bin/sort
configure:12676: checking whether ln -s works
configure:12680: result: yes
configure:12691: checking for msgfmt
configure:12709: found /usr/bin/msgfmt
configure:12721: result: /usr/bin/msgfmt
configure:12741: checking for msgmerge
configure:12759: found /usr/bin/msgmerge
configure:12771: result: /usr/bin/msgmerge
configure:12791: checking for xgettext
configure:12809: found /usr/bin/xgettext
configure:12821: result: /usr/bin/xgettext
configure:12846: checking for rpm
configure:12879: result: no
configure:12940: checking attr/xattr.h usability
configure:12940: gcc -c -g -O2  conftest.c >&5
conftest.c:55:24: fatal error: attr/xattr.h: No such file or directory
compilation terminated.
configure:12940: $? = 1
configure: failed program was:
| /* confdefs.h */
| #define PACKAGE_NAME ""
| #define PACKAGE_TARNAME ""
| #define PACKAGE_VERSION ""
| #define PACKAGE_STRING ""
| #define PACKAGE_BUGREPORT ""
| #define PACKAGE_URL ""
| #define STDC_HEADERS 1
| #define HAVE_SYS_TYPES_H 1
| #define HAVE_SYS_STAT_H 1
| #define HAVE_STDLIB_H 1
| #define HAVE_STRING_H 1
| #define HAVE_MEMORY_H 1
| #define HAVE_STRINGS_H 1
| #define HAVE_INTTYPES_H 1
| #define HAVE_STDINT_H 1
| #define HAVE_UNISTD_H 1
| #define HAVE_DLFCN_H 1
| #define LT_OBJDIR ".libs/"
| #define ENABLE_GETTEXT 1
| /* end confdefs.h.  */
| #include <stdio.h>
| #ifdef HAVE_SYS_TYPES_H
| # include <sys/types.h>
| #endif
| #ifdef HAVE_SYS_STAT_H
| # include <sys/stat.h>
| #endif
| #ifdef STDC_HEADERS
| # include <stdlib.h>
| # include <stddef.h>
| #else
| # ifdef HAVE_STDLIB_H
| #  include <stdlib.h>
| # endif
| #endif
| #ifdef HAVE_STRING_H
| # if !defined STDC_HEADERS && defined HAVE_MEMORY_H
| #  include <memory.h>
| # endif
| # include <string.h>
| #endif
| #ifdef HAVE_STRINGS_H
| # include <strings.h>
| #endif
| #ifdef HAVE_INTTYPES_H
| # include <inttypes.h>
| #endif
| #ifdef HAVE_STDINT_H
| # include <stdint.h>
| #endif
| #ifdef HAVE_UNISTD_H
| # include <unistd.h>
| #endif
| #include <attr/xattr.h>
configure:12940: result: no
configure:12940: checking attr/xattr.h presence
configure:12940: gcc -E  conftest.c
conftest.c:22:24: fatal error: attr/xattr.h: No such file or directory
compilation terminated.
configure:12940: $? = 1
configure: failed program was:
| /* confdefs.h */
| #define PACKAGE_NAME ""
| #define PACKAGE_TARNAME ""
| #define PACKAGE_VERSION ""
| #define PACKAGE_STRING ""
| #define PACKAGE_BUGREPORT ""
| #define PACKAGE_URL ""
| #define STDC_HEADERS 1
| #define HAVE_SYS_TYPES_H 1
| #define HAVE_SYS_STAT_H 1
| #define HAVE_STDLIB_H 1
| #define HAVE_STRING_H 1
| #define HAVE_MEMORY_H 1
| #define HAVE_STRINGS_H 1
| #define HAVE_INTTYPES_H 1
| #define HAVE_STDINT_H 1
| #define HAVE_UNISTD_H 1
| #define HAVE_DLFCN_H 1
| #define LT_OBJDIR ".libs/"
| #define ENABLE_GETTEXT 1
| /* end confdefs.h.  */
| #include <attr/xattr.h>
configure:12940: result: no
configure:12940: checking for attr/xattr.h
configure:12940: result: no

## ---------------- ##
## Cache variables. ##
## ---------------- ##

ac_cv_build=x86_64-pc-linux-gnu
ac_cv_c_compiler_gnu=yes
ac_cv_env_CC_set=
ac_cv_env_CC_value=
ac_cv_env_CFLAGS_set=
ac_cv_env_CFLAGS_value=
ac_cv_env_CPPFLAGS_set=
ac_cv_env_CPPFLAGS_value=
ac_cv_env_CPP_set=
ac_cv_env_CPP_value=
ac_cv_env_LDFLAGS_set=
ac_cv_env_LDFLAGS_value=
ac_cv_env_LIBS_set=
ac_cv_env_LIBS_value=
ac_cv_env_LT_SYS_LIBRARY_PATH_set=
ac_cv_env_LT_SYS_LIBRARY_PATH_value=
ac_cv_env_build_alias_set=
ac_cv_env_build_alias_value=
ac_cv_env_host_alias_set=
ac_cv_env_host_alias_value=
ac_cv_env_target_alias_set=
ac_cv_env_target_alias_value=
ac_cv_header_attr_xattr_h=no
ac_cv_header_dlfcn_h=yes
ac_cv_header_inttypes_h=yes
ac_cv_header_memory_h=yes
ac_cv_header_stdc=yes
ac_cv_header_stdint_h=yes
ac_cv_header_stdlib_h=yes
ac_cv_header_string_h=yes
ac_cv_header_strings_h=yes
ac_cv_header_sys_stat_h=yes
ac_cv_header_sys_types_h=yes
ac_cv_header_unistd_h=yes
ac_cv_host=x86_64-pc-linux-gnu
ac_cv_objext=o
ac_cv_path_AWK=/usr/bin/awk
ac_cv_path_ECHO=/bin/echo
ac_cv_path_EGREP='/bin/grep -E'
ac_cv_path_FGREP='/bin/grep -F'
ac_cv_path_GREP=/bin/grep
ac_cv_path_MAKE=/usr/bin/make
ac_cv_path_MAKEDEPEND=/bin/true
ac_cv_path_MSGFMT=/usr/bin/msgfmt
ac_cv_path_MSGMERGE=/usr/bin/msgmerge
ac_cv_path_SED=/bin/sed
ac_cv_path_SORT=/usr/bin/sort
ac_cv_path_TAR=/bin/tar
ac_cv_path_XGETTEXT=/usr/bin/xgettext
ac_cv_path_ZIP=/bin/gzip
ac_cv_path_lt_DD=/bin/dd
ac_cv_prog_AWK=mawk
ac_cv_prog_CPP='gcc -E'
ac_cv_prog_ac_ct_AR=ar
ac_cv_prog_ac_ct_CC=gcc
ac_cv_prog_ac_ct_MANIFEST_TOOL=mt
ac_cv_prog_ac_ct_OBJDUMP=objdump
ac_cv_prog_ac_ct_RANLIB=ranlib
ac_cv_prog_ac_ct_STRIP=strip
ac_cv_prog_cc_c89=
ac_cv_prog_cc_g=yes
lt_cv_ar_at_file=@
lt_cv_archive_cmds_need_lc=no
lt_cv_deplibs_check_method=pass_all
lt_cv_file_magic_cmd='$MAGIC_CMD'
lt_cv_file_magic_test_file=
lt_cv_ld_reload_flag=-r
lt_cv_nm_interface='BSD nm'
lt_cv_objdir=.libs
lt_cv_path_LD=/usr/bin/ld
lt_cv_path_NM='/usr/bin/nm -B'
lt_cv_path_mainfest_tool=no
lt_cv_prog_compiler_c_o=yes
lt_cv_prog_compiler_pic='-fPIC -DPIC'
lt_cv_prog_compiler_pic_works=yes
lt_cv_prog_compiler_rtti_exceptions=no
lt_cv_prog_compiler_static_works=yes
lt_cv_prog_gnu_ld=yes
lt_cv_sharedlib_from_linklib_cmd='printf %s\n'
lt_cv_shlibpath_overrides_runpath=no
lt_cv_sys_global_symbol_pipe='sed -n -e '\''s/^.*[	 ]\([ABCDGIRSTW][ABCDGIRSTW]*\)[	 ][	 ]*\([_A-Za-z][_A-Za-z0-9]*\)$/\1 \2 \2/p'\'' | sed '\''/ __gnu_lto/d'\'''
lt_cv_sys_global_symbol_to_c_name_address='sed -n -e '\''s/^: \(.*\) .*$/  {"\1", (void *) 0},/p'\'' -e '\''s/^[ABCDGIRSTW][ABCDGIRSTW]* .* \(.*\)$/  {"\1", (void *) \&\1},/p'\'''
lt_cv_sys_global_symbol_to_c_name_address_lib_prefix='sed -n -e '\''s/^: \(.*\) .*$/  {"\1", (void *) 0},/p'\'' -e '\''s/^[ABCDGIRSTW][ABCDGIRSTW]* .* \(lib.*\)$/  {"\1", (void *) \&\1},/p'\'' -e '\''s/^[ABCDGIRSTW][ABCDGIRSTW]* .* \(.*\)$/  {"lib\1", (void *) \&\1},/p'\'''
lt_cv_sys_global_symbol_to_cdecl='sed -n -e '\''s/^T .* \(.*\)$/extern int \1();/p'\'' -e '\''s/^[ABCDGIRSTW][ABCDGIRSTW]* .* \(.*\)$/extern char \1;/p'\'''
lt_cv_sys_global_symbol_to_import=
lt_cv_sys_max_cmd_len=1572864
lt_cv_to_host_file_cmd=func_convert_file_noop
lt_cv_to_tool_file_cmd=func_convert_file_noop
lt_cv_truncate_bin='/bin/dd bs=4096 count=1'

## ----------------- ##
## Output variables. ##
## ----------------- ##

AR='ar'
AWK='/usr/bin/awk'
CC='gcc'
CFLAGS='-g -O2'
CPP='gcc -E'
CPPFLAGS=''
DEFS=''
DLLTOOL='false'
DSYMUTIL=''
DUMPBIN=''
ECHO='/bin/echo'
ECHO_C=''
ECHO_N='-n'
ECHO_T=''
EGREP='/bin/grep -E'
EXEEXT=''
FGREP='/bin/grep -F'
GREP='/bin/grep'
LD='/usr/bin/ld -m elf_x86_64'
LDFLAGS=''
LIBOBJS=''
LIBS=''
LIBTOOL='$(SHELL) $(top_builddir)/libtool'
LIPO=''
LN_S='ln -s'
LTLIBOBJS=''
LT_SYS_LIBRARY_PATH=''
MAKE='/usr/bin/make'
MAKEDEPEND='/bin/true'
MANIFEST_TOOL=':'
MSGFMT='/usr/bin/msgfmt'
MSGMERGE='/usr/bin/msgmerge'
NM='/usr/bin/nm -B'
NMEDIT=''
OBJDUMP='objdump'
OBJEXT='o'
OTOOL64=''
OTOOL=''
PACKAGE_BUGREPORT=''
PACKAGE_NAME=''
PACKAGE_STRING=''
PACKAGE_TARNAME=''
PACKAGE_URL=''
PACKAGE_VERSION=''
PATH_SEPARATOR=':'
RANLIB='ranlib'
RPM=''
RPMBUILD=''
SED='/bin/sed'
SHELL='/bin/sh'
SORT='/usr/bin/sort'
STRIP='strip'
TAR='/bin/tar'
XGETTEXT='/usr/bin/xgettext'
ZIP='/bin/gzip'
ac_ct_AR='ar'
ac_ct_CC='gcc'
ac_ct_DUMPBIN=''
awk='/usr/bin/awk'
bindir='${exec_prefix}/bin'
build='x86_64-pc-linux-gnu'
build_alias=''
build_cpu='x86_64'
build_os='linux-gnu'
build_vendor='pc'
cc='gcc'
datadir='${datarootdir}'
datarootdir='${prefix}/share'
debug_build='-DDEBUG'
docdir='${datarootdir}/doc/${PACKAGE}'
dvidir='${docdir}'
echo='/bin/echo'
enable_gettext='yes'
enable_lib64='no'
enable_shared='yes'
exec_prefix='NONE'
have_zipped_manpages=''
host='x86_64-pc-linux-gnu'
host_alias=''
host_cpu='x86_64'
host_os='linux-gnu'
host_vendor='pc'
htmldir='${docdir}'
includedir='${prefix}/include'
infodir='${datarootdir}/info'
libattr=''
libdir='${exec_prefix}/lib'
libdirsuffix=''
libexecdir='${exec_prefix}/libexec'
localedir='${datarootdir}/locale'
localstatedir='${prefix}/var'
make='/usr/bin/make'
makedepend='/bin/true'
malloc_lib=''
mandir='${datarootdir}/man'
msgfmt='/usr/bin/msgfmt'
msgmerge='/usr/bin/msgmerge'
oldincludedir='/usr/include'
opt_build='-g -O2'
pdfdir='${docdir}'
pkg_distribution='Linux'
pkg_group='xyz'
pkg_name='acl'
pkg_platform='linux'
pkg_release='1'
pkg_user='xyz'
pkg_version='2.2.52'
prefix='NONE'
program_transform_name='s,x,x,'
psdir='${docdir}'
rpm=''
rpm_version='0'
rpmbuild=''
runstatedir='${localstatedir}/run'
sbindir='${exec_prefix}/sbin'
sed='/bin/sed'
sharedstatedir='${prefix}/com'
sort='/usr/bin/sort'
sysconfdir='${prefix}/etc'
tar='/bin/tar'
target_alias=''
xgettext='/usr/bin/xgettext'
zip='/bin/gzip'

## ----------- ##
## confdefs.h. ##
## ----------- ##

/* confdefs.h */
#define PACKAGE_NAME ""
#define PACKAGE_TARNAME ""
#define PACKAGE_VERSION ""
#define PACKAGE_STRING ""
#define PACKAGE_BUGREPORT ""
#define PACKAGE_URL ""
#define STDC_HEADERS 1
#define HAVE_SYS_TYPES_H 1
#define HAVE_SYS_STAT_H 1
#define HAVE_STDLIB_H 1
#define HAVE_STRING_H 1
#define HAVE_MEMORY_H 1
#define HAVE_STRINGS_H 1
#define HAVE_INTTYPES_H 1
#define HAVE_STDINT_H 1
#define HAVE_UNISTD_H 1
#define HAVE_DLFCN_H 1
#define LT_OBJDIR ".libs/"
#define ENABLE_GETTEXT 1

configure: exit 1
